2026-06-12 23:04:54 | INFO     | src.data.polymarket | Polymarket NFL: fetched 100 events (total: 100)
2026-06-12 23:04:55 | INFO     | src.data.polymarket | Polymarket NFL: fetched 100 events (total: 200)
2026-06-12 23:04:56 | INFO     | src.data.polymarket | Polymarket NFL: fetched 100 events (total: 300)
2026-06-12 23:04:56 | INFO     | src.data.polymarket | Polymarket NFL: fetched 100 events (total: 400)
2026-06-12 23:04:57 | INFO     | src.data.polymarket | Polymarket NFL: fetched 100 events (total: 500)
2026-06-12 23:04:57 | INFO     | src.data.polymarket | Polymarket NFL: fetched 100 events (total: 600)
2026-06-12 23:04:58 | INFO     | src.data.polymarket | Polymarket NFL: fetched 100 events (total: 700)
2026-06-12 23:04:58 | INFO     | src.data.polymarket | Polymarket NFL: fetched 100 events (total: 800)
2026-06-12 23:04:59 | INFO     | src.data.polymarket | Polymarket NFL: fetched 100 events (total: 900)
2026-06-12 23:05:00 | INFO     | src.data.polymarket | Polymarket NFL: fetched 100 events (total: 1000)
2026-06-12 23:05:00 | INFO     | src.data.polymarket | Polymarket NFL: fetched 100 events (total: 1100)
2026-06-12 23:05:01 | INFO     | src.data.polymarket | Polymarket NFL: fetched 100 events (total: 1200)
2026-06-12 23:05:01 | INFO     | src.data.polymarket | Polymarket NFL: fetched 100 events (total: 1300)
2026-06-12 23:05:02 | INFO     | src.data.polymarket | Polymarket NFL: fetched 100 events (total: 1400)
2026-06-12 23:05:02 | INFO     | src.data.polymarket | Polymarket NFL: fetched 100 events (total: 1500)
2026-06-12 23:05:03 | INFO     | src.data.polymarket | Polymarket NFL: fetched 100 events (total: 1600)
2026-06-12 23:05:04 | INFO     | src.data.polymarket | Polymarket NFL: fetched 100 events (total: 1700)
2026-06-12 23:05:04 | INFO     | src.data.polymarket | Polymarket NFL: fetched 100 events (total: 1800)
2026-06-12 23:05:05 | INFO     | src.data.polymarket | Polymarket NFL: fetched 100 events (total: 1900)
2026-06-12 23:05:05 | INFO     | src.data.polymarket | Polymarket NFL: fetched 100 events (total: 2000)
2026-06-12 23:05:06 | INFO     | src.data.polymarket | Polymarket NFL: fetched 100 events (total: 2100)
2026-06-12 23:05:06 | INFO     | src.data.polymarket | Polymarket NFL: fetched 100 events (total: 2200)
2026-06-12 23:05:07 | INFO     | src.data.polymarket | Polymarket NFL: fetched 100 events (total: 2300)
2026-06-12 23:05:08 | INFO     | src.data.polymarket | Polymarket NFL: fetched 100 events (total: 2400)
2026-06-12 23:05:08 | INFO     | src.data.polymarket | Polymarket NFL: fetched 100 events (total: 2500)
2026-06-12 23:05:09 | INFO     | src.data.polymarket | Polymarket NFL: fetched 100 events (total: 2600)
2026-06-12 23:05:09 | INFO     | src.data.polymarket | Polymarket NFL: fetched 100 events (total: 2700)
2026-06-12 23:05:10 | INFO     | src.data.polymarket | Polymarket NFL: fetched 100 events (total: 2800)
2026-06-12 23:05:11 | INFO     | src.data.polymarket | Polymarket NFL: fetched 100 events (total: 2900)
2026-06-12 23:05:11 | INFO     | src.data.polymarket | Polymarket NFL: fetched 100 events (total: 3000)
2026-06-12 23:05:12 | INFO     | src.data.polymarket | Polymarket NFL: fetched 100 events (total: 3100)
2026-06-12 23:05:12 | INFO     | src.data.polymarket | Polymarket NFL: fetched 100 events (total: 3200)
2026-06-12 23:05:13 | INFO     | src.data.polymarket | Polymarket NFL: fetched 100 events (total: 3300)
2026-06-12 23:05:14 | INFO     | src.data.polymarket | Polymarket NFL: fetched 100 events (total: 3400)
2026-06-12 23:05:14 | INFO     | src.data.polymarket | Polymarket NFL: fetched 100 events (total: 3500)
2026-06-12 23:05:15 | INFO     | src.data.polymarket | Polymarket NFL: fetched 100 events (total: 3600)
2026-06-12 23:05:15 | INFO     | src.data.polymarket | Polymarket NFL: fetched 100 events (total: 3700)
2026-06-12 23:05:16 | INFO     | src.data.polymarket | Polymarket NFL: fetched 100 events (total: 3800)
2026-06-12 23:05:17 | INFO     | src.data.polymarket | Polymarket NFL: fetched 100 events (total: 3900)
2026-06-12 23:05:17 | INFO     | src.data.polymarket | Polymarket NFL: fetched 100 events (total: 4000)
2026-06-12 23:05:18 | INFO     | src.data.polymarket | Polymarket NFL: fetched 100 events (total: 4100)
2026-06-12 23:05:18 | INFO     | src.data.polymarket | Polymarket NFL: fetched 100 events (total: 4200)
2026-06-12 23:05:19 | INFO     | src.data.polymarket | Polymarket NFL: fetched 100 events (total: 4300)
2026-06-12 23:05:19 | INFO     | src.data.polymarket | Polymarket NFL: fetched 100 events (total: 4400)
2026-06-12 23:05:20 | INFO     | src.data.polymarket | Polymarket NFL: fetched 100 events (total: 4500)
2026-06-12 23:05:21 | INFO     | src.data.polymarket | Polymarket NFL: fetched 100 events (total: 4600)
2026-06-12 23:05:21 | INFO     | src.data.polymarket | Polymarket NFL: fetched 100 events (total: 4700)
2026-06-12 23:05:22 | INFO     | src.data.polymarket | Polymarket NFL: fetched 100 events (total: 4800)
2026-06-12 23:05:22 | INFO     | src.data.polymarket | Polymarket NFL: fetched 100 events (total: 4900)
2026-06-12 23:05:23 | INFO     | src.data.polymarket | Polymarket NFL: fetched 100 events (total: 5000)
2026-06-12 23:05:24 | INFO     | src.data.polymarket | Polymarket NFL: fetched 100 events (total: 5100)
2026-06-12 23:05:24 | INFO     | src.data.polymarket | Polymarket NFL: fetched 100 events (total: 5200)
2026-06-12 23:05:25 | INFO     | src.data.polymarket | Polymarket NFL: fetched 100 events (total: 5300)
2026-06-12 23:05:26 | INFO     | src.data.polymarket | Polymarket NFL: fetched 100 events (total: 5400)
2026-06-12 23:05:26 | INFO     | src.data.polymarket | Polymarket NFL: fetched 100 events (total: 5500)
2026-06-12 23:05:27 | INFO     | src.data.polymarket | Polymarket NFL: fetched 100 events (total: 5600)
2026-06-12 23:05:27 | INFO     | src.data.polymarket | Polymarket NFL: fetched 100 events (total: 5700)
2026-06-12 23:05:28 | INFO     | src.data.polymarket | Polymarket NFL: fetched 100 events (total: 5800)
2026-06-12 23:05:29 | INFO     | src.data.polymarket | Polymarket NFL: fetched 100 events (total: 5900)
2026-06-12 23:05:29 | INFO     | src.data.polymarket | Polymarket NFL: fetched 100 events (total: 6000)
2026-06-12 23:05:30 | INFO     | src.data.polymarket | Polymarket NFL: fetched 100 events (total: 6100)
2026-06-12 23:05:30 | INFO     | src.data.polymarket | Polymarket NFL: fetched 100 events (total: 6200)
2026-06-12 23:05:31 | INFO     | src.data.polymarket | Polymarket NFL: fetched 100 events (total: 6300)
2026-06-12 23:05:32 | INFO     | src.data.polymarket | Polymarket NFL: fetched 100 events (total: 6400)
2026-06-12 23:05:32 | INFO     | src.data.polymarket | Polymarket NFL: fetched 100 events (total: 6500)
2026-06-12 23:05:33 | INFO     | src.data.polymarket | Polymarket NFL: fetched 100 events (total: 6600)
2026-06-12 23:05:33 | INFO     | src.data.polymarket | Polymarket NFL: fetched 100 events (total: 6700)
2026-06-12 23:05:34 | INFO     | src.data.polymarket | Polymarket NFL: fetched 100 events (total: 6800)
2026-06-12 23:05:35 | INFO     | src.data.polymarket | Polymarket NFL: fetched 100 events (total: 6900)
2026-06-12 23:05:35 | INFO     | src.data.polymarket | Polymarket NFL: fetched 100 events (total: 7000)
2026-06-12 23:05:36 | INFO     | src.data.polymarket | Polymarket NFL: fetched 100 events (total: 7100)
2026-06-12 23:05:36 | INFO     | src.data.polymarket | Polymarket NFL: fetched 100 events (total: 7200)
2026-06-12 23:05:37 | INFO     | src.data.polymarket | Polymarket NFL: fetched 100 events (total: 7300)
2026-06-12 23:05:37 | INFO     | src.data.polymarket | Polymarket NFL: fetched 100 events (total: 7400)
2026-06-12 23:05:38 | INFO     | src.data.polymarket | Polymarket NFL: fetched 100 events (total: 7500)
2026-06-12 23:05:39 | INFO     | src.data.polymarket | Polymarket NFL: fetched 100 events (total: 7600)
2026-06-12 23:05:39 | INFO     | src.data.polymarket | Polymarket NFL: fetched 100 events (total: 7700)
2026-06-12 23:05:40 | INFO     | src.data.polymarket | Polymarket NFL: fetched 100 events (total: 7800)
2026-06-12 23:05:40 | INFO     | src.data.polymarket | Polymarket NFL: fetched 100 events (total: 7900)
2026-06-12 23:05:41 | INFO     | src.data.polymarket | Polymarket NFL: fetched 100 events (total: 8000)
2026-06-12 23:05:42 | INFO     | src.data.polymarket | Polymarket NFL: fetched 100 events (total: 8100)
2026-06-12 23:05:42 | INFO     | src.data.polymarket | Polymarket NFL: fetched 100 events (total: 8200)
2026-06-12 23:05:43 | INFO     | src.data.polymarket | Polymarket NFL: fetched 100 events (total: 8300)
2026-06-12 23:05:43 | INFO     | src.data.polymarket | Polymarket NFL: fetched 100 events (total: 8400)
2026-06-12 23:05:44 | INFO     | src.data.polymarket | Polymarket NFL: fetched 100 events (total: 8500)
2026-06-12 23:05:44 | INFO     | src.data.polymarket | Polymarket NFL: fetched 100 events (total: 8600)
2026-06-12 23:05:45 | INFO     | src.data.polymarket | Polymarket NFL: fetched 100 events (total: 8700)
2026-06-12 23:05:46 | INFO     | src.data.polymarket | Polymarket NFL: fetched 100 events (total: 8800)
2026-06-12 23:05:46 | INFO     | src.data.polymarket | Polymarket NFL: fetched 100 events (total: 8900)
2026-06-12 23:05:47 | INFO     | src.data.polymarket | Polymarket NFL: fetched 100 events (total: 9000)
2026-06-12 23:05:47 | INFO     | src.data.polymarket | Polymarket NFL: fetched 100 events (total: 9100)
2026-06-12 23:05:48 | INFO     | src.data.polymarket | Polymarket NFL: fetched 100 events (total: 9200)
2026-06-12 23:05:49 | INFO     | src.data.polymarket | Polymarket NFL: fetched 100 events (total: 9300)
2026-06-12 23:05:49 | INFO     | src.data.polymarket | Polymarket NFL: fetched 100 events (total: 9400)
2026-06-12 23:05:50 | INFO     | src.data.polymarket | Polymarket NFL: fetched 100 events (total: 9500)
2026-06-12 23:05:50 | INFO     | src.data.polymarket | Polymarket NFL: fetched 100 events (total: 9600)
2026-06-12 23:05:51 | INFO     | src.data.polymarket | Polymarket NFL: fetched 100 events (total: 9700)
2026-06-12 23:05:52 | INFO     | src.data.polymarket | Polymarket NFL: fetched 100 events (total: 9800)
2026-06-12 23:05:52 | INFO     | src.data.polymarket | Polymarket NFL: fetched 100 events (total: 9900)
2026-06-12 23:05:53 | INFO     | src.data.polymarket | Polymarket NFL: fetched 100 events (total: 10000)
2026-06-12 23:05:53 | INFO     | src.data.polymarket | Polymarket NFL: fetched 100 events (total: 10100)
2026-06-12 23:05:54 | ERROR    | src.data.polymarket | Polymarket events fetch failed at offset 10100: 422 Client Error: Unprocessable Entity for url: https://gamma-api.polymarket.com/events?closed=true&tag=nfl&limit=100&offset=10100
2026-06-12 23:05:55 | INFO     | src.data.polymarket | Polymarket: loaded 9975 resolved NFL contracts
Traceback (most recent call last):
  File "/Users/ansh/Desktop/prism/scripts/ingest_markets.py", line 42, in <module>
    main()
    ~~~~^^
  File "/Users/ansh/Desktop/prism/scripts/ingest_markets.py", line 20, in main
    db.upsert_dataframe("contracts", contracts)
    ~~~~~~~~~~~~~~~~~~~^^^^^^^^^^^^^^^^^^^^^^^^
TypeError: PrismDatabase.upsert_dataframe() missing 1 required positional argument: 'primary_key'
