2026-06-12 20:04:30 | INFO     | src.data.base | Ingesting NFL seasons [2018, 2019, 2020, 2021, 2022, 2023]
2026-06-12 20:04:30 | INFO     | src.data.nfl | Loading NFL play-by-play for seasons [2018, 2019, 2020, 2021, 2022, 2023]
2018 done.
2019 done.
2020 done.
2021 done.
2022 done.
2023 done.
Downcasting floats.
2026-06-12 20:04:48 | INFO     | src.data.nfl | NFL game states passed all validation checks (29566 rows)
2026-06-12 20:04:48 | INFO     | src.data.database | DuckDB schema initialized at data/prism.duckdb
2026-06-12 20:04:48 | INFO     | src.data.database | Upserted 29566 rows into game_states
2026-06-12 20:04:48 | INFO     | src.data.base | NFL ingest complete: 1657 games, 29566 states, 23119 scoring events
2026-06-12 20:04:48 | INFO     | src.data.base | Ingesting NBA seasons [2018, 2019, 2020, 2021, 2022, 2023]
2026-06-12 20:04:48 | INFO     | src.data.nba | Loading NBA season 2018
2026-06-12 20:04:50 | INFO     | src.data.nba | Found 1392 NBA games for season 2018
2026-06-12 20:24:05 | INFO     | src.data.nba | Loading NBA season 2019
2026-06-12 20:24:07 | INFO     | src.data.nba | Found 1394 NBA games for season 2019
2026-06-12 20:42:40 | INFO     | src.data.nba | Loading NBA season 2020
2026-06-12 20:42:42 | INFO     | src.data.nba | Found 1258 NBA games for season 2020
2026-06-12 20:59:52 | INFO     | src.data.nba | Loading NBA season 2021
2026-06-12 20:59:54 | INFO     | src.data.nba | Found 1221 NBA games for season 2021
2026-06-12 21:16:26 | INFO     | src.data.nba | Loading NBA season 2022
2026-06-12 21:16:29 | INFO     | src.data.nba | Found 1394 NBA games for season 2022
2026-06-12 21:35:15 | INFO     | src.data.nba | Loading NBA season 2023
2026-06-12 21:35:15 | INFO     | src.data.nba | Found 1395 NBA games for season 2023
2026-06-12 21:53:42 | WARNING  | src.data.nba | No NBA game states to validate
2026-06-12 21:53:42 | WARNING  | src.data.database | No rows to upsert into game_states
Traceback (most recent call last):
  File "/Users/ansh/Desktop/prism/scripts/ingest_sports.py", line 27, in <module>
    main()
    ~~~~^^
  File "/Users/ansh/Desktop/prism/scripts/ingest_sports.py", line 18, in main
    nba.ingest(settings.nba_seasons)
    ~~~~~~~~~~^^^^^^^^^^^^^^^^^^^^^^
  File "/Users/ansh/Desktop/prism/src/data/base.py", line 52, in ingest
    n_games = states["game_id"].nunique()
              ~~~~~~^^^^^^^^^^^
  File "/Users/ansh/Desktop/prism/venv/lib/python3.13/site-packages/pandas/core/frame.py", line 4378, in __getitem__
    indexer = self.columns.get_loc(key)
  File "/Users/ansh/Desktop/prism/venv/lib/python3.13/site-packages/pandas/core/indexes/range.py", line 525, in get_loc
    raise KeyError(key)
KeyError: 'game_id'
